<?xml version="1.0" encoding="UTF-8"?>
<!-- Generated by org.testng.reporters.JUnitReportReporter -->
<testsuite hostname="HYDHTC125451LT" failures="0" tests="6" name="CucumberE2EProject.CucumberProject.runner.TestRunner" time="97.436" errors="0" timestamp="2025-02-03T18:17:39 IST" skipped="0">
  <testcase classname="CucumberE2EProject.CucumberProject.runner.TestRunner" name="runScenario" time="16.932"/>
  <testcase classname="CucumberE2EProject.CucumberProject.runner.TestRunner" name="runScenario" time="15.592"/>
  <testcase classname="CucumberE2EProject.CucumberProject.runner.TestRunner" name="runScenario" time="14.462"/>
  <testcase classname="CucumberE2EProject.CucumberProject.runner.TestRunner" name="runScenario" time="15.094"/>
  <testcase classname="CucumberE2EProject.CucumberProject.runner.TestRunner" name="runScenario" time="19.442"/>
  <testcase classname="CucumberE2EProject.CucumberProject.runner.TestRunner" name="runScenario" time="15.914"/>
</testsuite> <!-- CucumberE2EProject.CucumberProject.runner.TestRunner -->
